<?xml version="1.0" encoding="UTF-8"?>
<!-- Generated by org.testng.reporters.JUnitReportReporter -->
<testsuite hostname="hp" name="Testngparallel.login" tests="1" failures="0" timestamp="19 Mar 2018 18:48:17 GMT" time="12.898" errors="0">
  <testcase name="launchurl" time="12.898" classname="Testngparallel.login"/>
</testsuite> <!-- Testngparallel.login -->
