<?xml version="1.0" encoding="UTF-8"?>
<!-- Generated by org.testng.reporters.JUnitReportReporter -->
<testsuite hostname="hp" name="Testngparallel.Testclass" tests="2" failures="0" timestamp="19 Mar 2018 18:48:17 GMT" time="0.048" errors="0">
  <testcase name="testCaseOne" time="0.028" classname="Testngparallel.Testclass"/>
  <testcase name="testCaseTwo" time="0.020" classname="Testngparallel.Testclass"/>
</testsuite> <!-- Testngparallel.Testclass -->
