<?xml version="1.0" encoding="UTF-8"?>
<!-- Generated by org.testng.reporters.JUnitReportReporter -->
<testsuite hostname="hp" name="Testngparallel.login1" tests="1" failures="0" timestamp="19 Mar 2018 18:48:17 GMT" time="10.464" errors="0">
  <testcase name="urllaunch" time="10.464" classname="Testngparallel.login1"/>
</testsuite> <!-- Testngparallel.login1 -->
