<?xml version="1.0" encoding="UTF-8"?>
<!-- Generated by org.testng.reporters.JUnitReportReporter -->
<testsuite hostname="hp" name="Testngparallel.Testclass2" tests="2" failures="0" timestamp="19 Mar 2018 18:48:17 GMT" time="0.032" errors="0">
  <testcase name="testCaseOne" time="0.028" classname="Testngparallel.Testclass2"/>
  <testcase name="testCaseTwo" time="0.004" classname="Testngparallel.Testclass2"/>
</testsuite> <!-- Testngparallel.Testclass2 -->
